[INFO] Scanning for projects...
[INFO] 
[INFO] -----------------------< com.vtn:social-network >-----------------------
[INFO] Building  0.0.1-SNAPSHOT
[INFO]   from pom.xml
[INFO] --------------------------------[ jar ]---------------------------------
[INFO] 
[INFO] --- resources:3.3.1:resources (default-resources) @ social-network ---
[INFO] Copying 2 resources from src\main\resources to target\classes
[INFO] Copying 0 resource from src\main\resources to target\classes
[INFO] 
[INFO] --- compiler:3.14.1:compile (default-compile) @ social-network ---
[INFO] Recompiling the module because of changed source code.
[INFO] Compiling 146 source files with javac [debug parameters release 21] to target\classes
[INFO] -------------------------------------------------------------
[ERROR] COMPILATION ERROR : 
[INFO] -------------------------------------------------------------
[ERROR] /C:/Users/MSI GF63/Downloads/social-network/be/src/main/java/com/vtn/social_network/service/PostService.java:[189,64] ';' expected
[ERROR] /C:/Users/MSI GF63/Downloads/social-network/be/src/main/java/com/vtn/social_network/service/PostService.java:[191,5] illegal start of expression
[INFO] 2 errors 
[INFO] -------------------------------------------------------------
[INFO] ------------------------------------------------------------------------
[INFO] BUILD FAILURE
[INFO] ------------------------------------------------------------------------
[INFO] Total time:  3.534 s
[INFO] Finished at: 2026-04-22T23:09:20+07:00
[INFO] ------------------------------------------------------------------------
[ERROR] Failed to execute goal org.apache.maven.plugins:maven-compiler-plugin:3.14.1:compile (default-compile) on project social-network: Compilation failure: Compilation failure: 
[ERROR] /C:/Users/MSI GF63/Downloads/social-network/be/src/main/java/com/vtn/social_network/service/PostService.java:[189,64] ';' expected
[ERROR] /C:/Users/MSI GF63/Downloads/social-network/be/src/main/java/com/vtn/social_network/service/PostService.java:[191,5] illegal start of expression
[ERROR] -> [Help 1]
[ERROR] 
[ERROR] To see the full stack trace of the errors, re-run Maven with the -e switch.
[ERROR] Re-run Maven using the -X switch to enable full debug logging.
[ERROR] 
[ERROR] For more information about the errors and possible solutions, please read the following articles:
[ERROR] [Help 1] http://cwiki.apache.org/confluence/display/MAVEN/MojoFailureException
